mode: atomic
github.com/syedvasil/shaffra_skill_assessment_golang/buggy_project.go:17.13,24.2 4 0
github.com/syedvasil/shaffra_skill_assessment_golang/buggy_project.go:26.55,29.12 2 0
github.com/syedvasil/shaffra_skill_assessment_golang/buggy_project.go:29.12,35.19 4 0
github.com/syedvasil/shaffra_skill_assessment_golang/buggy_project.go:35.19,39.4 3 0
github.com/syedvasil/shaffra_skill_assessment_golang/buggy_project.go:42.2,42.11 1 0
github.com/syedvasil/shaffra_skill_assessment_golang/buggy_project.go:45.57,48.12 2 0
github.com/syedvasil/shaffra_skill_assessment_golang/buggy_project.go:48.12,56.17 5 0
github.com/syedvasil/shaffra_skill_assessment_golang/buggy_project.go:56.17,59.4 2 0
github.com/syedvasil/shaffra_skill_assessment_golang/buggy_project.go:61.3,61.59 1 0
github.com/syedvasil/shaffra_skill_assessment_golang/buggy_project.go:64.2,64.11 1 0
github.com/syedvasil/shaffra_skill_assessment_golang/docs/docs.go:307.13,309.2 1 0
github.com/syedvasil/shaffra_skill_assessment_golang/internal/app/controller/user/mocks/service.go:17.54,20.19 2 0
github.com/syedvasil/shaffra_skill_assessment_golang/internal/app/controller/user/mocks/service.go:20.19,21.52 1 0
github.com/syedvasil/shaffra_skill_assessment_golang/internal/app/controller/user/mocks/service.go:24.2,25.56 2 0
github.com/syedvasil/shaffra_skill_assessment_golang/internal/app/controller/user/mocks/service.go:25.56,27.3 1 0
github.com/syedvasil/shaffra_skill_assessment_golang/internal/app/controller/user/mocks/service.go:27.8,29.3 1 0
github.com/syedvasil/shaffra_skill_assessment_golang/internal/app/controller/user/mocks/service.go:31.2,31.11 1 0
github.com/syedvasil/shaffra_skill_assessment_golang/internal/app/controller/user/mocks/service.go:35.60,38.19 2 0
github.com/syedvasil/shaffra_skill_assessment_golang/internal/app/controller/user/mocks/service.go:38.19,39.52 1 0
github.com/syedvasil/shaffra_skill_assessment_golang/internal/app/controller/user/mocks/service.go:42.2,43.63 2 0
github.com/syedvasil/shaffra_skill_assessment_golang/internal/app/controller/user/mocks/service.go:43.63,45.3 1 0
github.com/syedvasil/shaffra_skill_assessment_golang/internal/app/controller/user/mocks/service.go:45.8,47.3 1 0
github.com/syedvasil/shaffra_skill_assessment_golang/internal/app/controller/user/mocks/service.go:49.2,49.11 1 0
github.com/syedvasil/shaffra_skill_assessment_golang/internal/app/controller/user/mocks/service.go:53.76,56.19 2 0
github.com/syedvasil/shaffra_skill_assessment_golang/internal/app/controller/user/mocks/service.go:56.19,57.53 1 0
github.com/syedvasil/shaffra_skill_assessment_golang/internal/app/controller/user/mocks/service.go:60.2,62.78 3 0
github.com/syedvasil/shaffra_skill_assessment_golang/internal/app/controller/user/mocks/service.go:62.78,64.3 1 0
github.com/syedvasil/shaffra_skill_assessment_golang/internal/app/controller/user/mocks/service.go:65.2,65.69 1 0
github.com/syedvasil/shaffra_skill_assessment_golang/internal/app/controller/user/mocks/service.go:65.69,67.3 1 0
github.com/syedvasil/shaffra_skill_assessment_golang/internal/app/controller/user/mocks/service.go:67.8,69.3 1 0
github.com/syedvasil/shaffra_skill_assessment_golang/internal/app/controller/user/mocks/service.go:71.2,71.63 1 0
github.com/syedvasil/shaffra_skill_assessment_golang/internal/app/controller/user/mocks/service.go:71.63,73.3 1 0
github.com/syedvasil/shaffra_skill_assessment_golang/internal/app/controller/user/mocks/service.go:73.8,75.3 1 0
github.com/syedvasil/shaffra_skill_assessment_golang/internal/app/controller/user/mocks/service.go:77.2,77.15 1 0
github.com/syedvasil/shaffra_skill_assessment_golang/internal/app/controller/user/mocks/service.go:81.73,84.19 2 0
github.com/syedvasil/shaffra_skill_assessment_golang/internal/app/controller/user/mocks/service.go:84.19,85.50 1 0
github.com/syedvasil/shaffra_skill_assessment_golang/internal/app/controller/user/mocks/service.go:88.2,90.70 3 0
github.com/syedvasil/shaffra_skill_assessment_golang/internal/app/controller/user/mocks/service.go:90.70,92.3 1 0
github.com/syedvasil/shaffra_skill_assessment_golang/internal/app/controller/user/mocks/service.go:93.2,93.61 1 0
github.com/syedvasil/shaffra_skill_assessment_golang/internal/app/controller/user/mocks/service.go:93.61,95.3 1 0
github.com/syedvasil/shaffra_skill_assessment_golang/internal/app/controller/user/mocks/service.go:95.8,96.24 1 0
github.com/syedvasil/shaffra_skill_assessment_golang/internal/app/controller/user/mocks/service.go:96.24,98.4 1 0
github.com/syedvasil/shaffra_skill_assessment_golang/internal/app/controller/user/mocks/service.go:101.2,101.53 1 0
github.com/syedvasil/shaffra_skill_assessment_golang/internal/app/controller/user/mocks/service.go:101.53,103.3 1 0
github.com/syedvasil/shaffra_skill_assessment_golang/internal/app/controller/user/mocks/service.go:103.8,105.3 1 0
github.com/syedvasil/shaffra_skill_assessment_golang/internal/app/controller/user/mocks/service.go:107.2,107.15 1 0
github.com/syedvasil/shaffra_skill_assessment_golang/internal/app/controller/user/mocks/service.go:111.86,114.19 2 0
github.com/syedvasil/shaffra_skill_assessment_golang/internal/app/controller/user/mocks/service.go:114.19,115.52 1 0
github.com/syedvasil/shaffra_skill_assessment_golang/internal/app/controller/user/mocks/service.go:118.2,119.85 2 0
github.com/syedvasil/shaffra_skill_assessment_golang/internal/app/controller/user/mocks/service.go:119.85,121.3 1 0
github.com/syedvasil/shaffra_skill_assessment_golang/internal/app/controller/user/mocks/service.go:121.8,123.3 1 0
github.com/syedvasil/shaffra_skill_assessment_golang/internal/app/controller/user/mocks/service.go:125.2,125.11 1 0
github.com/syedvasil/shaffra_skill_assessment_golang/internal/app/controller/user/mocks/service.go:133.13,137.19 3 0
github.com/syedvasil/shaffra_skill_assessment_golang/internal/app/controller/user/mocks/service.go:137.19,137.49 1 0
github.com/syedvasil/shaffra_skill_assessment_golang/internal/app/controller/user/mocks/service.go:139.2,139.13 1 0
github.com/syedvasil/shaffra_skill_assessment_golang/internal/app/controller/models/userAccess.go:18.50,28.2 2 0
github.com/syedvasil/shaffra_skill_assessment_golang/internal/app/repositories/user/mocks/collection.go:22.122,24.23 2 0
github.com/syedvasil/shaffra_skill_assessment_golang/internal/app/repositories/user/mocks/collection.go:24.23,26.3 1 0
github.com/syedvasil/shaffra_skill_assessment_golang/internal/app/repositories/user/mocks/collection.go:27.2,32.19 5 0
github.com/syedvasil/shaffra_skill_assessment_golang/internal/app/repositories/user/mocks/collection.go:32.19,33.46 1 0
github.com/syedvasil/shaffra_skill_assessment_golang/internal/app/repositories/user/mocks/collection.go:36.2,38.115 3 0
github.com/syedvasil/shaffra_skill_assessment_golang/internal/app/repositories/user/mocks/collection.go:38.115,40.3 1 0
github.com/syedvasil/shaffra_skill_assessment_golang/internal/app/repositories/user/mocks/collection.go:41.2,41.106 1 0
github.com/syedvasil/shaffra_skill_assessment_golang/internal/app/repositories/user/mocks/collection.go:41.106,43.3 1 0
github.com/syedvasil/shaffra_skill_assessment_golang/internal/app/repositories/user/mocks/collection.go:43.8,44.24 1 0
github.com/syedvasil/shaffra_skill_assessment_golang/internal/app/repositories/user/mocks/collection.go:44.24,46.4 1 0
github.com/syedvasil/shaffra_skill_assessment_golang/internal/app/repositories/user/mocks/collection.go:49.2,49.98 1 0
github.com/syedvasil/shaffra_skill_assessment_golang/internal/app/repositories/user/mocks/collection.go:49.98,51.3 1 0
github.com/syedvasil/shaffra_skill_assessment_golang/internal/app/repositories/user/mocks/collection.go:51.8,53.3 1 0
github.com/syedvasil/shaffra_skill_assessment_golang/internal/app/repositories/user/mocks/collection.go:55.2,55.15 1 0
github.com/syedvasil/shaffra_skill_assessment_golang/internal/app/repositories/user/mocks/collection.go:59.90,62.19 2 0
github.com/syedvasil/shaffra_skill_assessment_golang/internal/app/repositories/user/mocks/collection.go:62.19,63.49 1 0
github.com/syedvasil/shaffra_skill_assessment_golang/internal/app/repositories/user/mocks/collection.go:66.2,67.85 2 0
github.com/syedvasil/shaffra_skill_assessment_golang/internal/app/repositories/user/mocks/collection.go:67.85,69.3 1 0
github.com/syedvasil/shaffra_skill_assessment_golang/internal/app/repositories/user/mocks/collection.go:69.8,70.24 1 0
github.com/syedvasil/shaffra_skill_assessment_golang/internal/app/repositories/user/mocks/collection.go:70.24,72.4 1 0
github.com/syedvasil/shaffra_skill_assessment_golang/internal/app/repositories/user/mocks/collection.go:75.2,75.11 1 0
github.com/syedvasil/shaffra_skill_assessment_golang/internal/app/repositories/user/mocks/collection.go:79.108,82.19 2 0
github.com/syedvasil/shaffra_skill_assessment_golang/internal/app/repositories/user/mocks/collection.go:82.19,83.51 1 0
github.com/syedvasil/shaffra_skill_assessment_golang/internal/app/repositories/user/mocks/collection.go:86.2,88.99 3 0
github.com/syedvasil/shaffra_skill_assessment_golang/internal/app/repositories/user/mocks/collection.go:88.99,90.3 1 0
github.com/syedvasil/shaffra_skill_assessment_golang/internal/app/repositories/user/mocks/collection.go:91.2,91.90 1 0
github.com/syedvasil/shaffra_skill_assessment_golang/internal/app/repositories/user/mocks/collection.go:91.90,93.3 1 0
github.com/syedvasil/shaffra_skill_assessment_golang/internal/app/repositories/user/mocks/collection.go:93.8,94.24 1 0
github.com/syedvasil/shaffra_skill_assessment_golang/internal/app/repositories/user/mocks/collection.go:94.24,96.4 1 0
github.com/syedvasil/shaffra_skill_assessment_golang/internal/app/repositories/user/mocks/collection.go:99.2,99.73 1 0
github.com/syedvasil/shaffra_skill_assessment_golang/internal/app/repositories/user/mocks/collection.go:99.73,101.3 1 0
github.com/syedvasil/shaffra_skill_assessment_golang/internal/app/repositories/user/mocks/collection.go:101.8,103.3 1 0
github.com/syedvasil/shaffra_skill_assessment_golang/internal/app/repositories/user/mocks/collection.go:105.2,105.15 1 0
github.com/syedvasil/shaffra_skill_assessment_golang/internal/app/repositories/user/mocks/collection.go:109.129,112.19 2 0
github.com/syedvasil/shaffra_skill_assessment_golang/internal/app/repositories/user/mocks/collection.go:112.19,113.52 1 0
github.com/syedvasil/shaffra_skill_assessment_golang/internal/app/repositories/user/mocks/collection.go:116.2,118.109 3 0
github.com/syedvasil/shaffra_skill_assessment_golang/internal/app/repositories/user/mocks/collection.go:118.109,120.3 1 0
github.com/syedvasil/shaffra_skill_assessment_golang/internal/app/repositories/user/mocks/collection.go:121.2,121.100 1 0
github.com/syedvasil/shaffra_skill_assessment_golang/internal/app/repositories/user/mocks/collection.go:121.100,123.3 1 0
github.com/syedvasil/shaffra_skill_assessment_golang/internal/app/repositories/user/mocks/collection.go:123.8,124.24 1 0
github.com/syedvasil/shaffra_skill_assessment_golang/internal/app/repositories/user/mocks/collection.go:124.24,126.4 1 0
github.com/syedvasil/shaffra_skill_assessment_golang/internal/app/repositories/user/mocks/collection.go:129.2,129.86 1 0
github.com/syedvasil/shaffra_skill_assessment_golang/internal/app/repositories/user/mocks/collection.go:129.86,131.3 1 0
github.com/syedvasil/shaffra_skill_assessment_golang/internal/app/repositories/user/mocks/collection.go:131.8,133.3 1 0
github.com/syedvasil/shaffra_skill_assessment_golang/internal/app/repositories/user/mocks/collection.go:135.2,135.15 1 0
github.com/syedvasil/shaffra_skill_assessment_golang/internal/app/repositories/user/mocks/collection.go:139.123,142.19 2 0
github.com/syedvasil/shaffra_skill_assessment_golang/internal/app/repositories/user/mocks/collection.go:142.19,143.51 1 0
github.com/syedvasil/shaffra_skill_assessment_golang/internal/app/repositories/user/mocks/collection.go:146.2,148.109 3 0
github.com/syedvasil/shaffra_skill_assessment_golang/internal/app/repositories/user/mocks/collection.go:148.109,150.3 1 0
github.com/syedvasil/shaffra_skill_assessment_golang/internal/app/repositories/user/mocks/collection.go:151.2,151.100 1 0
github.com/syedvasil/shaffra_skill_assessment_golang/internal/app/repositories/user/mocks/collection.go:151.100,153.3 1 0
github.com/syedvasil/shaffra_skill_assessment_golang/internal/app/repositories/user/mocks/collection.go:153.8,154.24 1 0
github.com/syedvasil/shaffra_skill_assessment_golang/internal/app/repositories/user/mocks/collection.go:154.24,156.4 1 0
github.com/syedvasil/shaffra_skill_assessment_golang/internal/app/repositories/user/mocks/collection.go:159.2,159.86 1 0
github.com/syedvasil/shaffra_skill_assessment_golang/internal/app/repositories/user/mocks/collection.go:159.86,161.3 1 0
github.com/syedvasil/shaffra_skill_assessment_golang/internal/app/repositories/user/mocks/collection.go:161.8,163.3 1 0
github.com/syedvasil/shaffra_skill_assessment_golang/internal/app/repositories/user/mocks/collection.go:165.2,165.15 1 0
github.com/syedvasil/shaffra_skill_assessment_golang/internal/app/repositories/user/mocks/collection.go:173.16,177.19 3 0
github.com/syedvasil/shaffra_skill_assessment_golang/internal/app/repositories/user/mocks/collection.go:177.19,177.49 1 0
github.com/syedvasil/shaffra_skill_assessment_golang/internal/app/repositories/user/mocks/collection.go:179.2,179.13 1 0
github.com/syedvasil/shaffra_skill_assessment_golang/internal/app/repositories/user/mocks/cursor.go:17.52,20.19 2 0
github.com/syedvasil/shaffra_skill_assessment_golang/internal/app/repositories/user/mocks/cursor.go:20.19,21.47 1 0
github.com/syedvasil/shaffra_skill_assessment_golang/internal/app/repositories/user/mocks/cursor.go:24.2,25.60 2 0
github.com/syedvasil/shaffra_skill_assessment_golang/internal/app/repositories/user/mocks/cursor.go:25.60,27.3 1 0
github.com/syedvasil/shaffra_skill_assessment_golang/internal/app/repositories/user/mocks/cursor.go:27.8,29.3 1 0
github.com/syedvasil/shaffra_skill_assessment_golang/internal/app/repositories/user/mocks/cursor.go:31.2,31.11 1 0
github.com/syedvasil/shaffra_skill_assessment_golang/internal/app/repositories/user/mocks/cursor.go:35.49,38.19 2 0
github.com/syedvasil/shaffra_skill_assessment_golang/internal/app/repositories/user/mocks/cursor.go:38.19,39.48 1 0
github.com/syedvasil/shaffra_skill_assessment_golang/internal/app/repositories/user/mocks/cursor.go:42.2,43.56 2 0
github.com/syedvasil/shaffra_skill_assessment_golang/internal/app/repositories/user/mocks/cursor.go:43.56,45.3 1 0
github.com/syedvasil/shaffra_skill_assessment_golang/internal/app/repositories/user/mocks/cursor.go:45.8,47.3 1 0
github.com/syedvasil/shaffra_skill_assessment_golang/internal/app/repositories/user/mocks/cursor.go:49.2,49.11 1 0
github.com/syedvasil/shaffra_skill_assessment_golang/internal/app/repositories/user/mocks/cursor.go:53.31,56.19 2 0
github.com/syedvasil/shaffra_skill_assessment_golang/internal/app/repositories/user/mocks/cursor.go:56.19,57.45 1 0
github.com/syedvasil/shaffra_skill_assessment_golang/internal/app/repositories/user/mocks/cursor.go:60.2,61.45 2 0
github.com/syedvasil/shaffra_skill_assessment_golang/internal/app/repositories/user/mocks/cursor.go:61.45,63.3 1 0
github.com/syedvasil/shaffra_skill_assessment_golang/internal/app/repositories/user/mocks/cursor.go:63.8,65.3 1 0
github.com/syedvasil/shaffra_skill_assessment_golang/internal/app/repositories/user/mocks/cursor.go:67.2,67.11 1 0
github.com/syedvasil/shaffra_skill_assessment_golang/internal/app/repositories/user/mocks/cursor.go:71.50,74.19 2 0
github.com/syedvasil/shaffra_skill_assessment_golang/internal/app/repositories/user/mocks/cursor.go:74.19,75.46 1 0
github.com/syedvasil/shaffra_skill_assessment_golang/internal/app/repositories/user/mocks/cursor.go:78.2,79.59 2 0
github.com/syedvasil/shaffra_skill_assessment_golang/internal/app/repositories/user/mocks/cursor.go:79.59,81.3 1 0
github.com/syedvasil/shaffra_skill_assessment_golang/internal/app/repositories/user/mocks/cursor.go:81.8,83.3 1 0
github.com/syedvasil/shaffra_skill_assessment_golang/internal/app/repositories/user/mocks/cursor.go:85.2,85.11 1 0
github.com/syedvasil/shaffra_skill_assessment_golang/internal/app/repositories/user/mocks/cursor.go:93.12,97.19 3 0
github.com/syedvasil/shaffra_skill_assessment_golang/internal/app/repositories/user/mocks/cursor.go:97.19,97.49 1 0
github.com/syedvasil/shaffra_skill_assessment_golang/internal/app/repositories/user/mocks/cursor.go:99.2,99.13 1 0
github.com/syedvasil/shaffra_skill_assessment_golang/internal/app/repositories/user/mocks/single_result.go:13.55,16.19 2 0
github.com/syedvasil/shaffra_skill_assessment_golang/internal/app/repositories/user/mocks/single_result.go:16.19,17.48 1 0
github.com/syedvasil/shaffra_skill_assessment_golang/internal/app/repositories/user/mocks/single_result.go:20.2,21.56 2 0
github.com/syedvasil/shaffra_skill_assessment_golang/internal/app/repositories/user/mocks/single_result.go:21.56,23.3 1 0
github.com/syedvasil/shaffra_skill_assessment_golang/internal/app/repositories/user/mocks/single_result.go:23.8,25.3 1 0
github.com/syedvasil/shaffra_skill_assessment_golang/internal/app/repositories/user/mocks/single_result.go:27.2,27.11 1 0
github.com/syedvasil/shaffra_skill_assessment_golang/internal/app/repositories/user/mocks/single_result.go:35.18,39.19 3 0
github.com/syedvasil/shaffra_skill_assessment_golang/internal/app/repositories/user/mocks/single_result.go:39.19,39.49 1 0
github.com/syedvasil/shaffra_skill_assessment_golang/internal/app/repositories/user/mocks/single_result.go:41.2,41.13 1 0
github.com/syedvasil/shaffra_skill_assessment_golang/internal/app/service/user/mocks/repository.go:17.57,20.19 2 0
github.com/syedvasil/shaffra_skill_assessment_golang/internal/app/service/user/mocks/repository.go:20.19,21.52 1 0
github.com/syedvasil/shaffra_skill_assessment_golang/internal/app/service/user/mocks/repository.go:24.2,25.56 2 0
github.com/syedvasil/shaffra_skill_assessment_golang/internal/app/service/user/mocks/repository.go:25.56,27.3 1 0
github.com/syedvasil/shaffra_skill_assessment_golang/internal/app/service/user/mocks/repository.go:27.8,29.3 1 0
github.com/syedvasil/shaffra_skill_assessment_golang/internal/app/service/user/mocks/repository.go:31.2,31.11 1 0
github.com/syedvasil/shaffra_skill_assessment_golang/internal/app/service/user/mocks/repository.go:35.63,38.19 2 0
github.com/syedvasil/shaffra_skill_assessment_golang/internal/app/service/user/mocks/repository.go:38.19,39.52 1 0
github.com/syedvasil/shaffra_skill_assessment_golang/internal/app/service/user/mocks/repository.go:42.2,43.63 2 0
github.com/syedvasil/shaffra_skill_assessment_golang/internal/app/service/user/mocks/repository.go:43.63,45.3 1 0
github.com/syedvasil/shaffra_skill_assessment_golang/internal/app/service/user/mocks/repository.go:45.8,47.3 1 0
github.com/syedvasil/shaffra_skill_assessment_golang/internal/app/service/user/mocks/repository.go:49.2,49.11 1 0
github.com/syedvasil/shaffra_skill_assessment_golang/internal/app/service/user/mocks/repository.go:53.79,56.19 2 0
github.com/syedvasil/shaffra_skill_assessment_golang/internal/app/service/user/mocks/repository.go:56.19,57.53 1 0
github.com/syedvasil/shaffra_skill_assessment_golang/internal/app/service/user/mocks/repository.go:60.2,62.78 3 0
github.com/syedvasil/shaffra_skill_assessment_golang/internal/app/service/user/mocks/repository.go:62.78,64.3 1 0
github.com/syedvasil/shaffra_skill_assessment_golang/internal/app/service/user/mocks/repository.go:65.2,65.69 1 0
github.com/syedvasil/shaffra_skill_assessment_golang/internal/app/service/user/mocks/repository.go:65.69,67.3 1 0
github.com/syedvasil/shaffra_skill_assessment_golang/internal/app/service/user/mocks/repository.go:67.8,69.3 1 0
github.com/syedvasil/shaffra_skill_assessment_golang/internal/app/service/user/mocks/repository.go:71.2,71.63 1 0
github.com/syedvasil/shaffra_skill_assessment_golang/internal/app/service/user/mocks/repository.go:71.63,73.3 1 0
github.com/syedvasil/shaffra_skill_assessment_golang/internal/app/service/user/mocks/repository.go:73.8,75.3 1 0
github.com/syedvasil/shaffra_skill_assessment_golang/internal/app/service/user/mocks/repository.go:77.2,77.15 1 0
github.com/syedvasil/shaffra_skill_assessment_golang/internal/app/service/user/mocks/repository.go:81.98,84.19 2 0
github.com/syedvasil/shaffra_skill_assessment_golang/internal/app/service/user/mocks/repository.go:84.19,85.50 1 0
github.com/syedvasil/shaffra_skill_assessment_golang/internal/app/service/user/mocks/repository.go:88.2,90.83 3 0
github.com/syedvasil/shaffra_skill_assessment_golang/internal/app/service/user/mocks/repository.go:90.83,92.3 1 0
github.com/syedvasil/shaffra_skill_assessment_golang/internal/app/service/user/mocks/repository.go:93.2,93.74 1 0
github.com/syedvasil/shaffra_skill_assessment_golang/internal/app/service/user/mocks/repository.go:93.74,95.3 1 0
github.com/syedvasil/shaffra_skill_assessment_golang/internal/app/service/user/mocks/repository.go:95.8,96.24 1 0
github.com/syedvasil/shaffra_skill_assessment_golang/internal/app/service/user/mocks/repository.go:96.24,98.4 1 0
github.com/syedvasil/shaffra_skill_assessment_golang/internal/app/service/user/mocks/repository.go:101.2,101.66 1 0
github.com/syedvasil/shaffra_skill_assessment_golang/internal/app/service/user/mocks/repository.go:101.66,103.3 1 0
github.com/syedvasil/shaffra_skill_assessment_golang/internal/app/service/user/mocks/repository.go:103.8,105.3 1 0
github.com/syedvasil/shaffra_skill_assessment_golang/internal/app/service/user/mocks/repository.go:107.2,107.15 1 0
github.com/syedvasil/shaffra_skill_assessment_golang/internal/app/service/user/mocks/repository.go:111.80,114.19 2 0
github.com/syedvasil/shaffra_skill_assessment_golang/internal/app/service/user/mocks/repository.go:114.19,115.52 1 0
github.com/syedvasil/shaffra_skill_assessment_golang/internal/app/service/user/mocks/repository.go:118.2,119.76 2 0
github.com/syedvasil/shaffra_skill_assessment_golang/internal/app/service/user/mocks/repository.go:119.76,121.3 1 0
github.com/syedvasil/shaffra_skill_assessment_golang/internal/app/service/user/mocks/repository.go:121.8,123.3 1 0
github.com/syedvasil/shaffra_skill_assessment_golang/internal/app/service/user/mocks/repository.go:125.2,125.11 1 0
github.com/syedvasil/shaffra_skill_assessment_golang/internal/app/service/user/mocks/repository.go:133.16,137.19 3 0
github.com/syedvasil/shaffra_skill_assessment_golang/internal/app/service/user/mocks/repository.go:137.19,137.49 1 0
github.com/syedvasil/shaffra_skill_assessment_golang/internal/app/service/user/mocks/repository.go:139.2,139.13 1 0
github.com/syedvasil/shaffra_skill_assessment_golang/config/config.go:25.26,26.16 1 2
github.com/syedvasil/shaffra_skill_assessment_golang/config/config.go:26.16,28.3 1 1
github.com/syedvasil/shaffra_skill_assessment_golang/config/config.go:30.2,30.12 1 2
github.com/syedvasil/shaffra_skill_assessment_golang/config/config.go:33.19,49.2 4 1
github.com/syedvasil/shaffra_skill_assessment_golang/config/config.go:51.25,54.2 2 1
github.com/syedvasil/shaffra_skill_assessment_golang/internal/app/repositories/models/user.go:26.49,27.31 1 1
github.com/syedvasil/shaffra_skill_assessment_golang/internal/app/repositories/models/user.go:27.31,29.3 1 1
github.com/syedvasil/shaffra_skill_assessment_golang/internal/app/repositories/models/user.go:30.2,30.36 1 1
github.com/syedvasil/shaffra_skill_assessment_golang/internal/app/repositories/models/user.go:30.36,32.3 1 0
github.com/syedvasil/shaffra_skill_assessment_golang/internal/app/repositories/models/user.go:33.2,33.32 1 1
github.com/syedvasil/shaffra_skill_assessment_golang/internal/app/repositories/models/user.go:33.32,35.3 1 0
github.com/syedvasil/shaffra_skill_assessment_golang/internal/app/repositories/models/user.go:36.2,36.42 1 1
github.com/syedvasil/shaffra_skill_assessment_golang/internal/app/repositories/models/user.go:36.42,38.3 1 0
github.com/syedvasil/shaffra_skill_assessment_golang/database/mongo/db.go:29.58,34.16 4 1
github.com/syedvasil/shaffra_skill_assessment_golang/database/mongo/db.go:34.16,36.3 1 0
github.com/syedvasil/shaffra_skill_assessment_golang/database/mongo/db.go:37.2,37.15 1 1
github.com/syedvasil/shaffra_skill_assessment_golang/database/mongo/db.go:37.15,38.58 1 1
github.com/syedvasil/shaffra_skill_assessment_golang/database/mongo/db.go:38.58,39.14 1 0
github.com/syedvasil/shaffra_skill_assessment_golang/database/mongo/db.go:43.2,44.113 2 1
github.com/syedvasil/shaffra_skill_assessment_golang/database/mongo/db.go:44.113,46.3 1 0
github.com/syedvasil/shaffra_skill_assessment_golang/database/mongo/db.go:47.2,49.33 2 1
github.com/syedvasil/shaffra_skill_assessment_golang/internal/app/controller/models/userAccess.go:18.50,28.2 2 1
github.com/syedvasil/shaffra_skill_assessment_golang/internal/app/controller/user/user.go:27.39,29.2 1 10
github.com/syedvasil/shaffra_skill_assessment_golang/internal/app/controller/user/user.go:42.51,44.53 2 2
github.com/syedvasil/shaffra_skill_assessment_golang/internal/app/controller/user/user.go:44.53,47.3 2 1
github.com/syedvasil/shaffra_skill_assessment_golang/internal/app/controller/user/user.go:49.2,50.54 2 1
github.com/syedvasil/shaffra_skill_assessment_golang/internal/app/controller/user/user.go:50.54,53.3 2 0
github.com/syedvasil/shaffra_skill_assessment_golang/internal/app/controller/user/user.go:54.2,54.39 1 1
github.com/syedvasil/shaffra_skill_assessment_golang/internal/app/controller/user/user.go:67.49,72.16 4 2
github.com/syedvasil/shaffra_skill_assessment_golang/internal/app/controller/user/user.go:72.16,75.3 2 1
github.com/syedvasil/shaffra_skill_assessment_golang/internal/app/controller/user/user.go:76.2,76.32 1 1
github.com/syedvasil/shaffra_skill_assessment_golang/internal/app/controller/user/user.go:89.48,92.16 3 2
github.com/syedvasil/shaffra_skill_assessment_golang/internal/app/controller/user/user.go:92.16,95.3 2 1
github.com/syedvasil/shaffra_skill_assessment_golang/internal/app/controller/user/user.go:97.2,98.16 2 1
github.com/syedvasil/shaffra_skill_assessment_golang/internal/app/controller/user/user.go:98.16,101.3 2 0
github.com/syedvasil/shaffra_skill_assessment_golang/internal/app/controller/user/user.go:102.2,102.34 1 1
github.com/syedvasil/shaffra_skill_assessment_golang/internal/app/controller/user/user.go:117.51,120.16 3 2
github.com/syedvasil/shaffra_skill_assessment_golang/internal/app/controller/user/user.go:120.16,123.3 2 1
github.com/syedvasil/shaffra_skill_assessment_golang/internal/app/controller/user/user.go:125.2,126.56 2 1
github.com/syedvasil/shaffra_skill_assessment_golang/internal/app/controller/user/user.go:126.56,129.3 2 0
github.com/syedvasil/shaffra_skill_assessment_golang/internal/app/controller/user/user.go:131.2,131.60 1 1
github.com/syedvasil/shaffra_skill_assessment_golang/internal/app/controller/user/user.go:131.60,135.3 3 0
github.com/syedvasil/shaffra_skill_assessment_golang/internal/app/controller/user/user.go:136.2,136.37 1 1
github.com/syedvasil/shaffra_skill_assessment_golang/internal/app/controller/user/user.go:149.51,152.16 3 2
github.com/syedvasil/shaffra_skill_assessment_golang/internal/app/controller/user/user.go:152.16,155.3 2 1
github.com/syedvasil/shaffra_skill_assessment_golang/internal/app/controller/user/user.go:157.2,157.48 1 1
github.com/syedvasil/shaffra_skill_assessment_golang/internal/app/controller/user/user.go:157.48,160.3 2 0
github.com/syedvasil/shaffra_skill_assessment_golang/internal/app/controller/user/user.go:162.2,162.34 1 1
github.com/syedvasil/shaffra_skill_assessment_golang/internal/app/controller/user/mocks/service.go:17.54,20.19 2 1
github.com/syedvasil/shaffra_skill_assessment_golang/internal/app/controller/user/mocks/service.go:20.19,21.52 1 0
github.com/syedvasil/shaffra_skill_assessment_golang/internal/app/controller/user/mocks/service.go:24.2,25.56 2 1
github.com/syedvasil/shaffra_skill_assessment_golang/internal/app/controller/user/mocks/service.go:25.56,27.3 1 0
github.com/syedvasil/shaffra_skill_assessment_golang/internal/app/controller/user/mocks/service.go:27.8,29.3 1 1
github.com/syedvasil/shaffra_skill_assessment_golang/internal/app/controller/user/mocks/service.go:31.2,31.11 1 1
github.com/syedvasil/shaffra_skill_assessment_golang/internal/app/controller/user/mocks/service.go:35.60,38.19 2 1
github.com/syedvasil/shaffra_skill_assessment_golang/internal/app/controller/user/mocks/service.go:38.19,39.52 1 0
github.com/syedvasil/shaffra_skill_assessment_golang/internal/app/controller/user/mocks/service.go:42.2,43.63 2 1
github.com/syedvasil/shaffra_skill_assessment_golang/internal/app/controller/user/mocks/service.go:43.63,45.3 1 0
github.com/syedvasil/shaffra_skill_assessment_golang/internal/app/controller/user/mocks/service.go:45.8,47.3 1 1
github.com/syedvasil/shaffra_skill_assessment_golang/internal/app/controller/user/mocks/service.go:49.2,49.11 1 1
github.com/syedvasil/shaffra_skill_assessment_golang/internal/app/controller/user/mocks/service.go:53.76,56.19 2 1
github.com/syedvasil/shaffra_skill_assessment_golang/internal/app/controller/user/mocks/service.go:56.19,57.53 1 0
github.com/syedvasil/shaffra_skill_assessment_golang/internal/app/controller/user/mocks/service.go:60.2,62.78 3 1
github.com/syedvasil/shaffra_skill_assessment_golang/internal/app/controller/user/mocks/service.go:62.78,64.3 1 0
github.com/syedvasil/shaffra_skill_assessment_golang/internal/app/controller/user/mocks/service.go:65.2,65.69 1 1
github.com/syedvasil/shaffra_skill_assessment_golang/internal/app/controller/user/mocks/service.go:65.69,67.3 1 0
github.com/syedvasil/shaffra_skill_assessment_golang/internal/app/controller/user/mocks/service.go:67.8,69.3 1 1
github.com/syedvasil/shaffra_skill_assessment_golang/internal/app/controller/user/mocks/service.go:71.2,71.63 1 1
github.com/syedvasil/shaffra_skill_assessment_golang/internal/app/controller/user/mocks/service.go:71.63,73.3 1 0
github.com/syedvasil/shaffra_skill_assessment_golang/internal/app/controller/user/mocks/service.go:73.8,75.3 1 1
github.com/syedvasil/shaffra_skill_assessment_golang/internal/app/controller/user/mocks/service.go:77.2,77.15 1 1
github.com/syedvasil/shaffra_skill_assessment_golang/internal/app/controller/user/mocks/service.go:81.73,84.19 2 2
github.com/syedvasil/shaffra_skill_assessment_golang/internal/app/controller/user/mocks/service.go:84.19,85.50 1 0
github.com/syedvasil/shaffra_skill_assessment_golang/internal/app/controller/user/mocks/service.go:88.2,90.70 3 2
github.com/syedvasil/shaffra_skill_assessment_golang/internal/app/controller/user/mocks/service.go:90.70,92.3 1 0
github.com/syedvasil/shaffra_skill_assessment_golang/internal/app/controller/user/mocks/service.go:93.2,93.61 1 2
github.com/syedvasil/shaffra_skill_assessment_golang/internal/app/controller/user/mocks/service.go:93.61,95.3 1 0
github.com/syedvasil/shaffra_skill_assessment_golang/internal/app/controller/user/mocks/service.go:95.8,96.24 1 2
github.com/syedvasil/shaffra_skill_assessment_golang/internal/app/controller/user/mocks/service.go:96.24,98.4 1 1
github.com/syedvasil/shaffra_skill_assessment_golang/internal/app/controller/user/mocks/service.go:101.2,101.53 1 2
github.com/syedvasil/shaffra_skill_assessment_golang/internal/app/controller/user/mocks/service.go:101.53,103.3 1 0
github.com/syedvasil/shaffra_skill_assessment_golang/internal/app/controller/user/mocks/service.go:103.8,105.3 1 2
github.com/syedvasil/shaffra_skill_assessment_golang/internal/app/controller/user/mocks/service.go:107.2,107.15 1 2
github.com/syedvasil/shaffra_skill_assessment_golang/internal/app/controller/user/mocks/service.go:111.86,114.19 2 1
github.com/syedvasil/shaffra_skill_assessment_golang/internal/app/controller/user/mocks/service.go:114.19,115.52 1 0
github.com/syedvasil/shaffra_skill_assessment_golang/internal/app/controller/user/mocks/service.go:118.2,119.85 2 1
github.com/syedvasil/shaffra_skill_assessment_golang/internal/app/controller/user/mocks/service.go:119.85,121.3 1 0
github.com/syedvasil/shaffra_skill_assessment_golang/internal/app/controller/user/mocks/service.go:121.8,123.3 1 1
github.com/syedvasil/shaffra_skill_assessment_golang/internal/app/controller/user/mocks/service.go:125.2,125.11 1 1
github.com/syedvasil/shaffra_skill_assessment_golang/internal/app/controller/user/mocks/service.go:133.13,137.19 3 0
github.com/syedvasil/shaffra_skill_assessment_golang/internal/app/controller/user/mocks/service.go:137.19,137.49 1 0
github.com/syedvasil/shaffra_skill_assessment_golang/internal/app/controller/user/mocks/service.go:139.2,139.13 1 0
github.com/syedvasil/shaffra_skill_assessment_golang/cmd/server/main.go:28.13,35.16 3 0
github.com/syedvasil/shaffra_skill_assessment_golang/cmd/server/main.go:35.16,38.3 2 0
github.com/syedvasil/shaffra_skill_assessment_golang/cmd/server/main.go:41.2,60.17 8 0
github.com/syedvasil/shaffra_skill_assessment_golang/cmd/server/main.go:60.17,62.3 1 0
github.com/syedvasil/shaffra_skill_assessment_golang/cmd/server/routes.go:11.74,14.2 3 0
github.com/syedvasil/shaffra_skill_assessment_golang/cmd/server/routes.go:14.2,20.3 5 0
github.com/syedvasil/shaffra_skill_assessment_golang/docs/docs.go:307.13,309.2 1 1
github.com/syedvasil/shaffra_skill_assessment_golang/internal/app/controller/models/userAccess.go:18.50,28.2 2 0
github.com/syedvasil/shaffra_skill_assessment_golang/internal/app/repositories/user/collection_wrapper.go:28.76,30.2 1 0
github.com/syedvasil/shaffra_skill_assessment_golang/internal/app/repositories/user/collection_wrapper.go:33.114,35.2 1 0
github.com/syedvasil/shaffra_skill_assessment_golang/internal/app/repositories/user/collection_wrapper.go:37.128,39.2 1 0
github.com/syedvasil/shaffra_skill_assessment_golang/internal/app/repositories/user/collection_wrapper.go:41.91,43.2 1 0
github.com/syedvasil/shaffra_skill_assessment_golang/internal/app/repositories/user/collection_wrapper.go:45.135,47.2 1 0
github.com/syedvasil/shaffra_skill_assessment_golang/internal/app/repositories/user/collection_wrapper.go:49.129,51.2 1 0
github.com/syedvasil/shaffra_skill_assessment_golang/internal/app/repositories/user/repository.go:29.42,31.2 1 0
github.com/syedvasil/shaffra_skill_assessment_golang/internal/app/repositories/user/repository.go:33.57,36.2 2 1
github.com/syedvasil/shaffra_skill_assessment_golang/internal/app/repositories/user/repository.go:38.93,43.16 4 0
github.com/syedvasil/shaffra_skill_assessment_golang/internal/app/repositories/user/repository.go:43.16,45.3 1 0
github.com/syedvasil/shaffra_skill_assessment_golang/internal/app/repositories/user/repository.go:47.2,47.23 1 0
github.com/syedvasil/shaffra_skill_assessment_golang/internal/app/repositories/user/repository.go:47.23,50.17 3 0
github.com/syedvasil/shaffra_skill_assessment_golang/internal/app/repositories/user/repository.go:50.17,52.4 1 0
github.com/syedvasil/shaffra_skill_assessment_golang/internal/app/repositories/user/repository.go:53.3,53.30 1 0
github.com/syedvasil/shaffra_skill_assessment_golang/internal/app/repositories/user/repository.go:56.2,56.28 1 0
github.com/syedvasil/shaffra_skill_assessment_golang/internal/app/repositories/user/repository.go:59.78,64.2 4 0
github.com/syedvasil/shaffra_skill_assessment_golang/internal/app/repositories/user/repository.go:66.80,69.2 2 1
github.com/syedvasil/shaffra_skill_assessment_golang/internal/app/repositories/user/repository.go:71.62,75.2 3 1
github.com/syedvasil/shaffra_skill_assessment_golang/internal/app/service/user/service.go:22.36,24.2 1 7
github.com/syedvasil/shaffra_skill_assessment_golang/internal/app/service/user/service.go:26.58,28.2 1 2
github.com/syedvasil/shaffra_skill_assessment_golang/internal/app/service/user/service.go:30.72,34.2 3 1
github.com/syedvasil/shaffra_skill_assessment_golang/internal/app/service/user/service.go:36.79,38.2 1 2
github.com/syedvasil/shaffra_skill_assessment_golang/internal/app/service/user/service.go:40.90,43.16 2 1
github.com/syedvasil/shaffra_skill_assessment_golang/internal/app/service/user/service.go:43.16,45.3 1 0
github.com/syedvasil/shaffra_skill_assessment_golang/internal/app/service/user/service.go:47.2,49.39 2 1
github.com/syedvasil/shaffra_skill_assessment_golang/internal/app/service/user/service.go:52.59,54.2 1 1
github.com/syedvasil/shaffra_skill_assessment_golang/internal/app/service/user/mocks/repository.go:17.57,20.19 2 2
github.com/syedvasil/shaffra_skill_assessment_golang/internal/app/service/user/mocks/repository.go:20.19,21.52 1 0
github.com/syedvasil/shaffra_skill_assessment_golang/internal/app/service/user/mocks/repository.go:24.2,25.56 2 2
github.com/syedvasil/shaffra_skill_assessment_golang/internal/app/service/user/mocks/repository.go:25.56,27.3 1 0
github.com/syedvasil/shaffra_skill_assessment_golang/internal/app/service/user/mocks/repository.go:27.8,29.3 1 2
github.com/syedvasil/shaffra_skill_assessment_golang/internal/app/service/user/mocks/repository.go:31.2,31.11 1 2
github.com/syedvasil/shaffra_skill_assessment_golang/internal/app/service/user/mocks/repository.go:35.63,38.19 2 1
github.com/syedvasil/shaffra_skill_assessment_golang/internal/app/service/user/mocks/repository.go:38.19,39.52 1 0
github.com/syedvasil/shaffra_skill_assessment_golang/internal/app/service/user/mocks/repository.go:42.2,43.63 2 1
github.com/syedvasil/shaffra_skill_assessment_golang/internal/app/service/user/mocks/repository.go:43.63,45.3 1 0
github.com/syedvasil/shaffra_skill_assessment_golang/internal/app/service/user/mocks/repository.go:45.8,47.3 1 1
github.com/syedvasil/shaffra_skill_assessment_golang/internal/app/service/user/mocks/repository.go:49.2,49.11 1 1
github.com/syedvasil/shaffra_skill_assessment_golang/internal/app/service/user/mocks/repository.go:53.79,56.19 2 3
github.com/syedvasil/shaffra_skill_assessment_golang/internal/app/service/user/mocks/repository.go:56.19,57.53 1 0
github.com/syedvasil/shaffra_skill_assessment_golang/internal/app/service/user/mocks/repository.go:60.2,62.78 3 3
github.com/syedvasil/shaffra_skill_assessment_golang/internal/app/service/user/mocks/repository.go:62.78,64.3 1 0
github.com/syedvasil/shaffra_skill_assessment_golang/internal/app/service/user/mocks/repository.go:65.2,65.69 1 3
github.com/syedvasil/shaffra_skill_assessment_golang/internal/app/service/user/mocks/repository.go:65.69,67.3 1 0
github.com/syedvasil/shaffra_skill_assessment_golang/internal/app/service/user/mocks/repository.go:67.8,69.3 1 3
github.com/syedvasil/shaffra_skill_assessment_golang/internal/app/service/user/mocks/repository.go:71.2,71.63 1 3
github.com/syedvasil/shaffra_skill_assessment_golang/internal/app/service/user/mocks/repository.go:71.63,73.3 1 0
github.com/syedvasil/shaffra_skill_assessment_golang/internal/app/service/user/mocks/repository.go:73.8,75.3 1 3
github.com/syedvasil/shaffra_skill_assessment_golang/internal/app/service/user/mocks/repository.go:77.2,77.15 1 3
github.com/syedvasil/shaffra_skill_assessment_golang/internal/app/service/user/mocks/repository.go:81.98,84.19 2 1
github.com/syedvasil/shaffra_skill_assessment_golang/internal/app/service/user/mocks/repository.go:84.19,85.50 1 0
github.com/syedvasil/shaffra_skill_assessment_golang/internal/app/service/user/mocks/repository.go:88.2,90.83 3 1
github.com/syedvasil/shaffra_skill_assessment_golang/internal/app/service/user/mocks/repository.go:90.83,92.3 1 0
github.com/syedvasil/shaffra_skill_assessment_golang/internal/app/service/user/mocks/repository.go:93.2,93.74 1 1
github.com/syedvasil/shaffra_skill_assessment_golang/internal/app/service/user/mocks/repository.go:93.74,95.3 1 0
github.com/syedvasil/shaffra_skill_assessment_golang/internal/app/service/user/mocks/repository.go:95.8,96.24 1 1
github.com/syedvasil/shaffra_skill_assessment_golang/internal/app/service/user/mocks/repository.go:96.24,98.4 1 1
github.com/syedvasil/shaffra_skill_assessment_golang/internal/app/service/user/mocks/repository.go:101.2,101.66 1 1
github.com/syedvasil/shaffra_skill_assessment_golang/internal/app/service/user/mocks/repository.go:101.66,103.3 1 0
github.com/syedvasil/shaffra_skill_assessment_golang/internal/app/service/user/mocks/repository.go:103.8,105.3 1 1
github.com/syedvasil/shaffra_skill_assessment_golang/internal/app/service/user/mocks/repository.go:107.2,107.15 1 1
github.com/syedvasil/shaffra_skill_assessment_golang/internal/app/service/user/mocks/repository.go:111.80,114.19 2 1
github.com/syedvasil/shaffra_skill_assessment_golang/internal/app/service/user/mocks/repository.go:114.19,115.52 1 0
github.com/syedvasil/shaffra_skill_assessment_golang/internal/app/service/user/mocks/repository.go:118.2,119.76 2 1
github.com/syedvasil/shaffra_skill_assessment_golang/internal/app/service/user/mocks/repository.go:119.76,121.3 1 0
github.com/syedvasil/shaffra_skill_assessment_golang/internal/app/service/user/mocks/repository.go:121.8,123.3 1 1
github.com/syedvasil/shaffra_skill_assessment_golang/internal/app/service/user/mocks/repository.go:125.2,125.11 1 1
github.com/syedvasil/shaffra_skill_assessment_golang/internal/app/service/user/mocks/repository.go:133.16,137.19 3 0
github.com/syedvasil/shaffra_skill_assessment_golang/internal/app/service/user/mocks/repository.go:137.19,137.49 1 0
github.com/syedvasil/shaffra_skill_assessment_golang/internal/app/service/user/mocks/repository.go:139.2,139.13 1 0
github.com/syedvasil/shaffra_skill_assessment_golang/internal/common/errors.go:9.47,10.47 1 0
github.com/syedvasil/shaffra_skill_assessment_golang/internal/common/errors.go:10.47,12.3 1 0
github.com/syedvasil/shaffra_skill_assessment_golang/internal/common/errors.go:13.2,13.71 1 0
github.com/syedvasil/shaffra_skill_assessment_golang/internal/middleware/logging.go:10.44,11.30 1 1
github.com/syedvasil/shaffra_skill_assessment_golang/internal/middleware/logging.go:11.30,20.3 4 1
